<?xml version="1.0" encoding="utf-8"?><testsuites name="pytest tests"><testsuite name="pytest" errors="0" failures="0" skipped="0" tests="11" time="2.173" timestamp="2026-06-21T00:21:43.340346+00:00" hostname="agent-env-ef17ee99-dde7-4098-84a9-83d74e28933a"><testcase classname="tests.test_iteration8.TestJobsCategoryFilter" name="test_invalid_garbage_falls_back_to_ic_default" time="0.289" /><testcase classname="tests.test_iteration8.TestJobsCategoryFilter" name="test_all_invalid_csv_falls_back_to_ic_default" time="0.251" /><testcase classname="tests.test_iteration8.TestJobsCategoryFilter" name="test_partial_valid_csv_keeps_only_valid" time="0.247" /><testcase classname="tests.test_iteration8.TestJobsCategoryFilter" name="test_all_still_bypasses_filter" time="0.147" /><testcase classname="tests.test_iteration8.TestJobsCategoryFilter" name="test_no_param_defaults_to_ic" time="0.147" /><testcase classname="tests.test_iteration8.TestJobsCategoryFilter" name="test_robotics_regression" time="0.134" /><testcase classname="tests.test_iteration8.TestBuildingsCategoryFilter" name="test_invalid_falls_back_to_ic" time="0.124" /><testcase classname="tests.test_iteration8.TestBuildingsCategoryFilter" name="test_all_bypasses" time="0.154" /><testcase classname="tests.test_iteration8.TestBuildingsCategoryFilter" name="test_no_param_defaults_ic" time="0.114" /><testcase classname="tests.test_iteration8.TestRegressions" name="test_filters_endpoint" time="0.139" /><testcase classname="tests.test_iteration8.TestRegressions" name="test_demo_login" time="0.343" /></testsuite></testsuites>