<?xml version="1.0" encoding="utf-8"?><testsuites name="pytest tests"><testsuite name="pytest" errors="0" failures="1" skipped="0" tests="17" time="1.982" timestamp="2026-06-21T00:16:10.232592+00:00" hostname="agent-env-ef17ee99-dde7-4098-84a9-83d74e28933a"><testcase classname="tests.test_iteration7.TestFiltersFacet" name="test_categories_field_present" time="0.295" /><testcase classname="tests.test_iteration7.TestFiltersFacet" name="test_categories_sorted_desc" time="0.000" /><testcase classname="tests.test_iteration7.TestFiltersFacet" name="test_other_facets_still_present" time="0.000" /><testcase classname="tests.test_iteration7.TestDefaultTechnicalIC" name="test_default_only_technical_ic" time="0.093" /><testcase classname="tests.test_iteration7.TestDefaultTechnicalIC" name="test_default_total_matches_filters_sum" time="0.050" /><testcase classname="tests.test_iteration7.TestSingleCategory" name="test_management" time="0.128" /><testcase classname="tests.test_iteration7.TestSingleCategory" name="test_robotics" time="0.062" /><testcase classname="tests.test_iteration7.TestCsvCategory" name="test_software_robotics" time="0.106" /><testcase classname="tests.test_iteration7.TestCsvCategory" name="test_all_bypasses_filter" time="0.045" /><testcase classname="tests.test_iteration7.TestCsvCategory" name="test_invalid_category_no_500" time="0.045"><failure message="AssertionError: assert 'business' in {'data', 'hardware', 'infra', 'ml', 'robotics', 'security', ...}&#10; +  where 'business' = &lt;built-in method get of dict object at 0xfaaa021cbf40&gt;('category')&#10; +    where &lt;built-in method get of dict object at 0xfaaa021cbf40&gt; = {'category': 'business', 'city': 'San Francisco', 'company_color': '#00FFCC', 'company_id': 'co_46f7179167', ...}.get">backend/tests/test_iteration7.py:151: in test_invalid_category_no_500
    assert it.get("category") in TECHNICAL_IC
E   AssertionError: assert 'business' in {'data', 'hardware', 'infra', 'ml', 'robotics', 'security', ...}
E    +  where 'business' = &lt;built-in method get of dict object at 0xfaaa021cbf40&gt;('category')
E    +    where &lt;built-in method get of dict object at 0xfaaa021cbf40&gt; = {'category': 'business', 'city': 'San Francisco', 'company_color': '#00FFCC', 'company_id': 'co_46f7179167', ...}.get</failure></testcase><testcase classname="tests.test_iteration7.TestCompoundFilter" name="test_software_senior_python" time="0.066" /><testcase classname="tests.test_iteration7.TestBuildings" name="test_default_total_matches_ic_default" time="0.103" /><testcase classname="tests.test_iteration7.TestBuildings" name="test_default_no_leak" time="0.109" /><testcase classname="tests.test_iteration7.TestBuildings" name="test_all_bypass" time="0.108" /><testcase classname="tests.test_iteration7.TestBuildings" name="test_robotics_only" time="0.262" /><testcase classname="tests.test_iteration7.TestJobDetailNoGate" name="test_management_job_still_fetchable" time="0.089" /><testcase classname="tests.test_iteration7.TestAuthRegression" name="test_demo_login" time="0.269" /></testsuite></testsuites>