<?xml version="1.0" encoding="utf-8"?><testsuites name="pytest tests"><testsuite name="pytest" errors="0" failures="0" skipped="0" tests="20" time="11.759" timestamp="2026-06-20T23:16:16.378717+00:00" hostname="agent-env-ef17ee99-dde7-4098-84a9-83d74e28933a"><testcase classname="tests.test_iteration6.TestIngestData" name="test_total_jobs_above_1000" time="0.176" /><testcase classname="tests.test_iteration6.TestIngestData" name="test_no_seed_source_and_all_valid" time="0.129" /><testcase classname="tests.test_iteration6.TestIngestData" name="test_jobs_have_required_fields" time="0.000" /><testcase classname="tests.test_iteration6.TestFilters" name="test_role_filter" time="0.065" /><testcase classname="tests.test_iteration6.TestFilters" name="test_tech_filter_or_semantics" time="0.064" /><testcase classname="tests.test_iteration6.TestFilters" name="test_level_filter[entry]" time="0.051" /><testcase classname="tests.test_iteration6.TestFilters" name="test_level_filter[mid]" time="0.053" /><testcase classname="tests.test_iteration6.TestFilters" name="test_level_filter[senior]" time="0.062" /><testcase classname="tests.test_iteration6.TestFilters" name="test_posted_within_window_subset" time="0.091" /><testcase classname="tests.test_iteration6.TestFilters" name="test_source_filter[ashby]" time="0.054" /><testcase classname="tests.test_iteration6.TestFilters" name="test_source_filter[greenhouse]" time="0.053" /><testcase classname="tests.test_iteration6.TestFilters" name="test_source_filter[lever]" time="0.058" /><testcase classname="tests.test_iteration6.TestFilters" name="test_compound_role_tech_level" time="0.052" /><testcase classname="tests.test_iteration6.TestFilterFacets" name="test_filters_endpoint_shape" time="0.069" /><testcase classname="tests.test_iteration6.TestJobDetailAndBuildings" name="test_job_detail_returns_job_and_company" time="0.044" /><testcase classname="tests.test_iteration6.TestJobDetailAndBuildings" name="test_jobs_city_buildings_has_real_cities" time="0.055" /><testcase classname="tests.test_iteration6.TestAuthRegression" name="test_demo_login_still_works" time="0.274" /><testcase classname="tests.test_iteration6.TestRateLimit" name="test_summary_rate_limit_429_with_retry_after" time="3.273" /><testcase classname="tests.test_iteration6.TestSchedulerLogs" name="test_scheduler_started_and_ingest_ran" time="0.000" /><testcase classname="tests.test_iteration6.TestIngestCli" name="test_cli_verify_imports_and_connects" time="6.959" /></testsuite></testsuites>