<?xml version="1.0" encoding="utf-8"?><testsuites name="pytest tests"><testsuite name="pytest" errors="0" failures="0" skipped="0" tests="9" time="7.838" timestamp="2026-06-20T21:35:59.443608+00:00" hostname="agent-env-ef17ee99-dde7-4098-84a9-83d74e28933a"><testcase classname="tests.test_iteration5.TestAuthRegression" name="test_demo_login_works" time="0.435" /><testcase classname="tests.test_iteration5.TestJobsCity" name="test_buildings_public" time="0.051" /><testcase classname="tests.test_iteration5.TestApplicantsCityBuildings" name="test_default_response_shape" time="0.056" /><testcase classname="tests.test_iteration5.TestApplicantsCityBuildings" name="test_limit_param_capped" time="0.048" /><testcase classname="tests.test_iteration5.TestApplicantsCityBuildings" name="test_limit_param_excessive_rejected_or_clamped" time="0.044" /><testcase classname="tests.test_iteration5.TestApplicantsCityBuildings" name="test_limit_zero_rejected" time="0.044" /><testcase classname="tests.test_iteration5.TestJobSummaryRateLimit" name="test_rate_limit_429_after_threshold" time="5.155" /><testcase classname="tests.test_iteration5.TestMatchScoreAuth" name="test_requires_auth" time="0.195" /><testcase classname="tests.test_iteration5.TestMatchScoreAuth" name="test_rate_limit_429_after_threshold" time="1.623" /></testsuite></testsuites>